# JRE version: OpenJDK Runtime Environment (17.0.11) (build 17.0.11+0--11852314)
# Java VM: OpenJDK 64-Bit Server VM (17.0.11+0--11852314, mixed mode, tiered, compressed oops, compressed class ptrs, g1 gc, windows-amd64)
GC Precious Log:
 CPUs: 12 total, 12 available
 Memory: 15573M
 Large Page Support: Disabled
 NUMA Support: Disabled
 Compressed Oops: Enabled (Zero based)
 Heap Region Size: 4M
 Heap Min Capacity: 8M
 Heap Initial Capacity: 244M
 Heap Max Capacity: 8G
 Pre-touch: Disabled
 Parallel Workers: 10
 Concurrent Workers: 3
 Concurrent Refinement Workers: 10
 Periodic GC: Disabled
Heap:
 garbage-first heap   total 1339392K, used 609413K [0x0000000600000000, 0x0000000800000000)
  region size 4096K, 2 young (8192K), 2 survivors (8192K)
 Metaspace       used 228646K, committed 230400K, reserved 1310720K
  class space    used 30761K, committed 31552K, reserved 1048576K
GC Heap History (20 events):
Event: 52.680 GC heap after
{Heap after GC invocations=44 (full 0):
 garbage-first heap   total 917504K, used 348096K [0x0000000600000000, 0x0000000800000000)
  region size 4096K, 15 young (61440K), 15 survivors (61440K)
 Metaspace       used 168597K, committed 170240K, reserved 1245184K
  class space    used 22504K, committed 23232K, reserved 1048576K
}
Event: 53.063 GC heap before
{Heap before GC invocations=44 (full 0):
 garbage-first heap   total 917504K, used 712640K [0x0000000600000000, 0x0000000800000000)
  region size 4096K, 105 young (430080K), 15 survivors (61440K)
 Metaspace       used 173235K, committed 174848K, reserved 1245184K
  class space    used 23525K, committed 24256K, reserved 1048576K
}
Event: 53.104 GC heap after
{Heap after GC invocations=45 (full 0):
 garbage-first heap   total 917504K, used 422562K [0x0000000600000000, 0x0000000800000000)
  region size 4096K, 14 young (57344K), 14 survivors (57344K)
 Metaspace       used 173235K, committed 174848K, reserved 1245184K
  class space    used 23525K, committed 24256K, reserved 1048576K
}
Event: 53.919 GC heap before
{Heap before GC invocations=45 (full 0):
 garbage-first heap   total 917504K, used 709282K [0x0000000600000000, 0x0000000800000000)
  region size 4096K, 85 young (348160K), 14 survivors (57344K)
 Metaspace       used 186818K, committed 188608K, reserved 1245184K
  class space    used 25160K, committed 25920K, reserved 1048576K
}
Event: 53.959 GC heap after
{Heap after GC invocations=46 (full 0):
 garbage-first heap   total 917504K, used 487122K [0x0000000600000000, 0x0000000800000000)
  region size 4096K, 11 young (45056K), 11 survivors (45056K)
 Metaspace       used 186818K, committed 188608K, reserved 1245184K
  class space    used 25160K, committed 25920K, reserved 1048576K
}
Event: 54.334 GC heap before
{Heap before GC invocations=46 (full 0):
 garbage-first heap   total 917504K, used 720594K [0x0000000600000000, 0x0000000800000000)
  region size 4096K, 68 young (278528K), 11 survivors (45056K)
 Metaspace       used 193530K, committed 195328K, reserved 1245184K
  class space    used 25844K, committed 26624K, reserved 1048576K
}
Event: 54.357 GC heap after
{Heap after GC invocations=47 (full 0):
 garbage-first heap   total 1339392K, used 506969K [0x0000000600000000, 0x0000000800000000)
  region size 4096K, 4 young (16384K), 4 survivors (16384K)
 Metaspace       used 193530K, committed 195328K, reserved 1245184K
  class space    used 25844K, committed 26624K, reserved 1048576K
}
Event: 54.659 GC heap before
{Heap before GC invocations=47 (full 0):
 garbage-first heap   total 1339392K, used 572505K [0x0000000600000000, 0x0000000800000000)
  region size 4096K, 16 young (65536K), 4 survivors (16384K)
 Metaspace       used 199270K, committed 200960K, reserved 1245184K
  class space    used 26586K, committed 27328K, reserved 1048576K
}
Event: 54.672 GC heap after
{Heap after GC invocations=48 (full 0):
 garbage-first heap   total 1339392K, used 516701K [0x0000000600000000, 0x0000000800000000)
  region size 4096K, 4 young (16384K), 4 survivors (16384K)
 Metaspace       used 199270K, committed 200960K, reserved 1245184K
  class space    used 26586K, committed 27328K, reserved 1048576K
}
Event: 57.167 GC heap before
{Heap before GC invocations=49 (full 0):
 garbage-first heap   total 1339392K, used 1040989K [0x0000000600000000, 0x0000000800000000)
  region size 4096K, 132 young (540672K), 4 survivors (16384K)
 Metaspace       used 220355K, committed 222272K, reserved 1245184K
  class space    used 29362K, committed 30208K, reserved 1048576K
}
Event: 57.191 GC heap after
{Heap after GC invocations=50 (full 0):
 garbage-first heap   total 1339392K, used 564221K [0x0000000600000000, 0x0000000800000000)
  region size 4096K, 16 young (65536K), 16 survivors (65536K)
 Metaspace       used 220355K, committed 222272K, reserved 1245184K
  class space    used 29362K, committed 30208K, reserved 1048576K
}
Event: 57.210 GC heap before
{Heap before GC invocations=50 (full 0):
 garbage-first heap   total 1339392K, used 568317K [0x0000000600000000, 0x0000000800000000)
  region size 4096K, 17 young (69632K), 16 survivors (65536K)
 Metaspace       used 220624K, committed 222528K, reserved 1245184K
  class space    used 29421K, committed 30272K, reserved 1048576K
}
Event: 57.229 GC heap after
{Heap after GC invocations=51 (full 0):
 garbage-first heap   total 1339392K, used 561872K [0x0000000600000000, 0x0000000800000000)
  region size 4096K, 2 young (8192K), 2 survivors (8192K)
 Metaspace       used 220624K, committed 222528K, reserved 1245184K
  class space    used 29421K, committed 30272K, reserved 1048576K
}
Event: 58.797 GC heap before
{Heap before GC invocations=51 (full 0):
 garbage-first heap   total 1339392K, used 1049296K [0x0000000600000000, 0x0000000800000000)
  region size 4096K, 121 young (495616K), 2 survivors (8192K)
 Metaspace       used 225332K, committed 227200K, reserved 1245184K
  class space    used 30234K, committed 31104K, reserved 1048576K
}
Event: 58.818 GC heap after
{Heap after GC invocations=52 (full 0):
 garbage-first heap   total 1339392K, used 601037K [0x0000000600000000, 0x0000000800000000)
  region size 4096K, 12 young (49152K), 12 survivors (49152K)
 Metaspace       used 225332K, committed 227200K, reserved 1245184K
  class space    used 30234K, committed 31104K, reserved 1048576K
}
Event: 59.540 GC heap before
{Heap before GC invocations=53 (full 0):
 garbage-first heap   total 1339392K, used 1059789K [0x0000000600000000, 0x0000000800000000)
  region size 4096K, 125 young (512000K), 12 survivors (49152K)
 Metaspace       used 227750K, committed 229568K, reserved 1310720K
  class space    used 30614K, committed 31424K, reserved 1048576K
}
Event: 59.557 GC heap after
{Heap after GC invocations=54 (full 0):
 garbage-first heap   total 1339392K, used 609759K [0x0000000600000000, 0x0000000800000000)
  region size 4096K, 3 young (12288K), 3 survivors (12288K)
 Metaspace       used 227750K, committed 229568K, reserved 1310720K
  class space    used 30614K, committed 31424K, reserved 1048576K
}
Event: 59.588 GC heap before
{Heap before GC invocations=54 (full 0):
 garbage-first heap   total 1339392K, used 663007K [0x0000000600000000, 0x0000000800000000)
  region size 4096K, 16 young (65536K), 3 survivors (12288K)
 Metaspace       used 227767K, committed 229568K, reserved 1310720K
  class space    used 30614K, committed 31424K, reserved 1048576K
}
Event: 59.600 GC heap after
{Heap after GC invocations=55 (full 0):
 garbage-first heap   total 1339392K, used 606085K [0x0000000600000000, 0x0000000800000000)
  region size 4096K, 1 young (4096K), 1 survivors (4096K)
 Metaspace       used 227767K, committed 229568K, reserved 1310720K
  class space    used 30614K, committed 31424K, reserved 1048576K
}
Event: 59.967 GC heap before
{Heap before GC invocations=55 (full 0):
 garbage-first heap   total 1339392K, used 1085317K [0x0000000600000000, 0x0000000800000000)
  region size 4096K, 118 young (483328K), 1 survivors (4096K)
 Metaspace       used 228646K, committed 230400K, reserved 1310720K
  class space    used 30761K, committed 31552K, reserved 1048576K
}

